Copyright 1986-2022 Xilinx, Inc. All Rights Reserved. Copyright 2022-2024 Advanced Micro Devices, Inc. All Rights Reserved.
---------------------------------------------------------------------------------------------------------------------------------------------
| Tool Version : Vivado v.2023.2.2 (lin64) Build 4126759 Thu Feb  8 23:52:05 MST 2024
| Date         : Tue May 21 19:04:28 2024
| Host         : GoodKook-Skull running 64-bit Ubuntu 20.04.6 LTS
| Command      : report_control_sets -verbose -file cpu_wrapper_control_sets_placed.rpt
| Design       : cpu_wrapper
| Device       : xc7a100t
---------------------------------------------------------------------------------------------------------------------------------------------

Control Set Information

Table of Contents
-----------------
1. Summary
2. Histogram
3. Flip-Flop Distribution
4. Detailed Control Set Information

1. Summary
----------

+----------------------------------------------------------+-------+
|                          Status                          | Count |
+----------------------------------------------------------+-------+
| Total control sets                                       |    26 |
|    Minimum number of control sets                        |    26 |
|    Addition due to synthesis replication                 |     0 |
|    Addition due to physical synthesis replication        |     0 |
| Unused register locations in slices containing registers |   100 |
+----------------------------------------------------------+-------+
* Control sets can be merged at opt_design using control_set_merge or merge_equivalent_drivers
** Run report_qor_suggestions for automated merging and remapping suggestions


2. Histogram
------------

+--------------------+-------+
|       Fanout       | Count |
+--------------------+-------+
| Total control sets |    26 |
| >= 0 to < 4        |    11 |
| >= 4 to < 6        |     2 |
| >= 6 to < 8        |     0 |
| >= 8 to < 10       |     7 |
| >= 10 to < 12      |     0 |
| >= 12 to < 14      |     1 |
| >= 14 to < 16      |     0 |
| >= 16              |     5 |
+--------------------+-------+
* Control sets can be remapped at either synth_design or opt_design


3. Flip-Flop Distribution
-------------------------

+--------------+-----------------------+------------------------+-----------------+--------------+
| Clock Enable | Synchronous Set/Reset | Asynchronous Set/Reset | Total Registers | Total Slices |
+--------------+-----------------------+------------------------+-----------------+--------------+
| No           | No                    | No                     |               5 |            2 |
| No           | No                    | Yes                    |              17 |           11 |
| No           | Yes                   | No                     |               0 |            0 |
| Yes          | No                    | No                     |              64 |           29 |
| Yes          | No                    | Yes                    |             118 |           61 |
| Yes          | Yes                   | No                     |               0 |            0 |
+--------------+-----------------------+------------------------+-----------------+--------------+


4. Detailed Control Set Information
-----------------------------------

+----------------+---------------+------------------+------------------+----------------+--------------+
|  Clock Signal  | Enable Signal | Set/Reset Signal | Slice Load Count | Bel Load Count | Bels / Slice |
+----------------+---------------+------------------+------------------+----------------+--------------+
|  _0357_        |               |                  |                1 |              1 |         1.00 |
|  u_cpu.ALU.clk | _0267_        | _0422_[0]        |                1 |              1 |         1.00 |
|  u_cpu.ALU.clk | _0268_        | _0422_[0]        |                1 |              1 |         1.00 |
|  u_cpu.ALU.clk | _0271_        | _0422_[0]        |                1 |              1 |         1.00 |
|  u_cpu.ALU.clk | _0259_        | _0422_[0]        |                1 |              1 |         1.00 |
|  u_cpu.ALU.clk | _0272_        | _0422_[0]        |                1 |              1 |         1.00 |
|  u_cpu.ALU.clk | _0291_        | _0422_[0]        |                1 |              1 |         1.00 |
|  u_cpu.ALU.clk | _0270_        | _0422_[0]        |                1 |              1 |         1.00 |
|  u_cpu.ALU.clk | _0269_        | _0422_[0]        |                1 |              1 |         1.00 |
|  u_cpu.ALU.clk | _0371_[1]     | _0422_[0]        |                1 |              1 |         1.00 |
|  u_cpu.ALU.clk | _0273_        | _0422_[0]        |                1 |              1 |         1.00 |
|  u_cpu.ALU.clk |               |                  |                1 |              4 |         4.00 |
|  _0357_        | _0261_        |                  |                1 |              4 |         4.00 |
|  u_cpu.ALU.clk | _0274_        |                  |                7 |              8 |         1.14 |
|  u_cpu.ALU.clk | _0266_        | _0422_[0]        |                5 |              8 |         1.60 |
|  _0357_        | _0421_[1]     |                  |                4 |              8 |         2.00 |
|  u_cpu.ALU.clk | _0265_        | _0422_[0]        |                2 |              8 |         4.00 |
|  u_cpu.ALU.clk | _0263_        | _0422_[0]        |                4 |              8 |         2.00 |
|  _0357_        | _0262_        |                  |                3 |              8 |         2.67 |
|  u_cpu.ALU.clk | _0264_        | _0422_[0]        |                4 |              8 |         2.00 |
|  _0357_        | _0401_[0]     |                  |                5 |             12 |         2.40 |
|  u_cpu.ALU.clk | _0292_        | _0422_[0]        |                9 |             16 |         1.78 |
|  u_cpu.ALU.clk |               | _0422_[0]        |               11 |             17 |         1.55 |
|  _0357_        | _0260_        |                  |                9 |             24 |         2.67 |
|  u_cpu.ALU.clk | _0171_[3]     | _0422_[0]        |               16 |             28 |         1.75 |
|  u_cpu.ALU.clk | _0175_[6]     | _0422_[0]        |               11 |             32 |         2.91 |
+----------------+---------------+------------------+------------------+----------------+--------------+


