GowinSynthesis start
Running parser ...
Analyzing Verilog file '/home/goodkook/ETRI050_DesignKit/devel/Ref_Design/CPU_6502/emulation/Gowin/CPU_6502_RT/synthesis/cpu_wrapper.v'
Compiling module 'cpu_wrapper'("/home/goodkook/ETRI050_DesignKit/devel/Ref_Design/CPU_6502/emulation/Gowin/CPU_6502_RT/synthesis/cpu_wrapper.v":5)
NOTE  (EX0101) : Current top module is "cpu_wrapper"
WARN  (EX0346) : Instance "Memory.0.0" 's parameter value "1'b0" truncated to "2'b00" to fit 2 bits("/home/goodkook/ETRI050_DesignKit/devel/Ref_Design/CPU_6502/emulation/Gowin/CPU_6502_RT/synthesis/cpu_wrapper.v":21964)
WARN  (EX0346) : Instance "Memory.0.1" 's parameter value "1'b0" truncated to "2'b00" to fit 2 bits("/home/goodkook/ETRI050_DesignKit/devel/Ref_Design/CPU_6502/emulation/Gowin/CPU_6502_RT/synthesis/cpu_wrapper.v":22046)
WARN  (EX0346) : Instance "Memory.0.10" 's parameter value "1'b0" truncated to "2'b00" to fit 2 bits("/home/goodkook/ETRI050_DesignKit/devel/Ref_Design/CPU_6502/emulation/Gowin/CPU_6502_RT/synthesis/cpu_wrapper.v":22128)
WARN  (EX0346) : Instance "Memory.0.11" 's parameter value "1'b0" truncated to "2'b00" to fit 2 bits("/home/goodkook/ETRI050_DesignKit/devel/Ref_Design/CPU_6502/emulation/Gowin/CPU_6502_RT/synthesis/cpu_wrapper.v":22210)
WARN  (EX0346) : Instance "Memory.0.12" 's parameter value "1'b0" truncated to "2'b00" to fit 2 bits("/home/goodkook/ETRI050_DesignKit/devel/Ref_Design/CPU_6502/emulation/Gowin/CPU_6502_RT/synthesis/cpu_wrapper.v":22292)
WARN  (EX0346) : Instance "Memory.0.13" 's parameter value "1'b0" truncated to "2'b00" to fit 2 bits("/home/goodkook/ETRI050_DesignKit/devel/Ref_Design/CPU_6502/emulation/Gowin/CPU_6502_RT/synthesis/cpu_wrapper.v":22374)
WARN  (EX0346) : Instance "Memory.0.14" 's parameter value "1'b0" truncated to "2'b00" to fit 2 bits("/home/goodkook/ETRI050_DesignKit/devel/Ref_Design/CPU_6502/emulation/Gowin/CPU_6502_RT/synthesis/cpu_wrapper.v":22456)
WARN  (EX0346) : Instance "Memory.0.15" 's parameter value "1'b0" truncated to "2'b00" to fit 2 bits("/home/goodkook/ETRI050_DesignKit/devel/Ref_Design/CPU_6502/emulation/Gowin/CPU_6502_RT/synthesis/cpu_wrapper.v":22538)
WARN  (EX0346) : Instance "Memory.0.16" 's parameter value "1'b0" truncated to "2'b00" to fit 2 bits("/home/goodkook/ETRI050_DesignKit/devel/Ref_Design/CPU_6502/emulation/Gowin/CPU_6502_RT/synthesis/cpu_wrapper.v":22620)
WARN  (EX0346) : Instance "Memory.0.17" 's parameter value "1'b0" truncated to "2'b00" to fit 2 bits("/home/goodkook/ETRI050_DesignKit/devel/Ref_Design/CPU_6502/emulation/Gowin/CPU_6502_RT/synthesis/cpu_wrapper.v":22722)
WARN  (EX0346) : Instance "Memory.0.18" 's parameter value "1'b0" truncated to "2'b00" to fit 2 bits("/home/goodkook/ETRI050_DesignKit/devel/Ref_Design/CPU_6502/emulation/Gowin/CPU_6502_RT/synthesis/cpu_wrapper.v":22824)
WARN  (EX0346) : Instance "Memory.0.19" 's parameter value "1'b0" truncated to "2'b00" to fit 2 bits("/home/goodkook/ETRI050_DesignKit/devel/Ref_Design/CPU_6502/emulation/Gowin/CPU_6502_RT/synthesis/cpu_wrapper.v":22906)
WARN  (EX0346) : Instance "Memory.0.2" 's parameter value "1'b0" truncated to "2'b00" to fit 2 bits("/home/goodkook/ETRI050_DesignKit/devel/Ref_Design/CPU_6502/emulation/Gowin/CPU_6502_RT/synthesis/cpu_wrapper.v":22988)
WARN  (EX0346) : Instance "Memory.0.20" 's parameter value "1'b0" truncated to "2'b00" to fit 2 bits("/home/goodkook/ETRI050_DesignKit/devel/Ref_Design/CPU_6502/emulation/Gowin/CPU_6502_RT/synthesis/cpu_wrapper.v":23070)
WARN  (EX0346) : Instance "Memory.0.21" 's parameter value "1'b0" truncated to "2'b00" to fit 2 bits("/home/goodkook/ETRI050_DesignKit/devel/Ref_Design/CPU_6502/emulation/Gowin/CPU_6502_RT/synthesis/cpu_wrapper.v":23152)
WARN  (EX0346) : Instance "Memory.0.22" 's parameter value "1'b0" truncated to "2'b00" to fit 2 bits("/home/goodkook/ETRI050_DesignKit/devel/Ref_Design/CPU_6502/emulation/Gowin/CPU_6502_RT/synthesis/cpu_wrapper.v":23254)
WARN  (EX0346) : Instance "Memory.0.23" 's parameter value "1'b0" truncated to "2'b00" to fit 2 bits("/home/goodkook/ETRI050_DesignKit/devel/Ref_Design/CPU_6502/emulation/Gowin/CPU_6502_RT/synthesis/cpu_wrapper.v":23336)
WARN  (EX0346) : Instance "Memory.0.24" 's parameter value "1'b0" truncated to "2'b00" to fit 2 bits("/home/goodkook/ETRI050_DesignKit/devel/Ref_Design/CPU_6502/emulation/Gowin/CPU_6502_RT/synthesis/cpu_wrapper.v":23418)
WARN  (EX0346) : Instance "Memory.0.25" 's parameter value "1'b0" truncated to "2'b00" to fit 2 bits("/home/goodkook/ETRI050_DesignKit/devel/Ref_Design/CPU_6502/emulation/Gowin/CPU_6502_RT/synthesis/cpu_wrapper.v":23500)
WARN  (EX0346) : Instance "Memory.0.26" 's parameter value "1'b0" truncated to "2'b00" to fit 2 bits("/home/goodkook/ETRI050_DesignKit/devel/Ref_Design/CPU_6502/emulation/Gowin/CPU_6502_RT/synthesis/cpu_wrapper.v":23582)
WARN  (EX0346) : Instance "Memory.0.27" 's parameter value "1'b0" truncated to "2'b00" to fit 2 bits("/home/goodkook/ETRI050_DesignKit/devel/Ref_Design/CPU_6502/emulation/Gowin/CPU_6502_RT/synthesis/cpu_wrapper.v":23684)
WARN  (EX0346) : Instance "Memory.0.28" 's parameter value "1'b0" truncated to "2'b00" to fit 2 bits("/home/goodkook/ETRI050_DesignKit/devel/Ref_Design/CPU_6502/emulation/Gowin/CPU_6502_RT/synthesis/cpu_wrapper.v":23786)
WARN  (EX0346) : Instance "Memory.0.29" 's parameter value "1'b0" truncated to "2'b00" to fit 2 bits("/home/goodkook/ETRI050_DesignKit/devel/Ref_Design/CPU_6502/emulation/Gowin/CPU_6502_RT/synthesis/cpu_wrapper.v":23888)
WARN  (EX0346) : Instance "Memory.0.3" 's parameter value "1'b0" truncated to "2'b00" to fit 2 bits("/home/goodkook/ETRI050_DesignKit/devel/Ref_Design/CPU_6502/emulation/Gowin/CPU_6502_RT/synthesis/cpu_wrapper.v":23987)
WARN  (EX0346) : Instance "Memory.0.30" 's parameter value "1'b0" truncated to "2'b00" to fit 2 bits("/home/goodkook/ETRI050_DesignKit/devel/Ref_Design/CPU_6502/emulation/Gowin/CPU_6502_RT/synthesis/cpu_wrapper.v":24069)
WARN  (EX0346) : Instance "Memory.0.31" 's parameter value "1'b0" truncated to "2'b00" to fit 2 bits("/home/goodkook/ETRI050_DesignKit/devel/Ref_Design/CPU_6502/emulation/Gowin/CPU_6502_RT/synthesis/cpu_wrapper.v":24171)
WARN  (EX0346) : Instance "Memory.0.4" 's parameter value "1'b0" truncated to "2'b00" to fit 2 bits("/home/goodkook/ETRI050_DesignKit/devel/Ref_Design/CPU_6502/emulation/Gowin/CPU_6502_RT/synthesis/cpu_wrapper.v":24290)
WARN  (EX0346) : Instance "Memory.0.5" 's parameter value "1'b0" truncated to "2'b00" to fit 2 bits("/home/goodkook/ETRI050_DesignKit/devel/Ref_Design/CPU_6502/emulation/Gowin/CPU_6502_RT/synthesis/cpu_wrapper.v":24389)
WARN  (EX0346) : Instance "Memory.0.6" 's parameter value "1'b0" truncated to "2'b00" to fit 2 bits("/home/goodkook/ETRI050_DesignKit/devel/Ref_Design/CPU_6502/emulation/Gowin/CPU_6502_RT/synthesis/cpu_wrapper.v":24488)
WARN  (EX0346) : Instance "Memory.0.7" 's parameter value "1'b0" truncated to "2'b00" to fit 2 bits("/home/goodkook/ETRI050_DesignKit/devel/Ref_Design/CPU_6502/emulation/Gowin/CPU_6502_RT/synthesis/cpu_wrapper.v":24587)
WARN  (EX0346) : Instance "Memory.0.8" 's parameter value "1'b0" truncated to "2'b00" to fit 2 bits("/home/goodkook/ETRI050_DesignKit/devel/Ref_Design/CPU_6502/emulation/Gowin/CPU_6502_RT/synthesis/cpu_wrapper.v":24686)
WARN  (EX0346) : Instance "Memory.0.9" 's parameter value "1'b0" truncated to "2'b00" to fit 2 bits("/home/goodkook/ETRI050_DesignKit/devel/Ref_Design/CPU_6502/emulation/Gowin/CPU_6502_RT/synthesis/cpu_wrapper.v":24785)
[5%] Running netlist conversion ...
Running device independent optimization ...
[10%] Optimizing Phase 0 completed
[15%] Optimizing Phase 1 completed
[25%] Optimizing Phase 2 completed
Running inference ...
[30%] Inferring Phase 0 completed
[40%] Inferring Phase 1 completed
[50%] Inferring Phase 2 completed
[55%] Inferring Phase 3 completed
Running technical mapping ...
[60%] Tech-Mapping Phase 0 completed
[65%] Tech-Mapping Phase 1 completed
[75%] Tech-Mapping Phase 2 completed
[80%] Tech-Mapping Phase 3 completed
[90%] Tech-Mapping Phase 4 completed
[95%] Generate netlist file "/home/goodkook/ETRI050_DesignKit/devel/Ref_Design/CPU_6502/emulation/Gowin/CPU_6502_RT/impl/gwsynthesis/CPU_6502.vg" completed
[100%] Generate report file "/home/goodkook/ETRI050_DesignKit/devel/Ref_Design/CPU_6502/emulation/Gowin/CPU_6502_RT/impl/gwsynthesis/CPU_6502_syn.rpt.html" completed
GowinSynthesis finish
